[0m09:18:20.194834 [debug] [MainThread]: Sending event: {'category': 'dbt', 'action': 'invocation', 'label': 'start', 'context': [<snowplow_tracker.self_describing_json.SelfDescribingJson object at 0x000001F6A32AA8A0>, <snowplow_tracker.self_describing_json.SelfDescribingJson object at 0x000001F6A32AA420>, <snowplow_tracker.self_describing_json.SelfDescribingJson object at 0x000001F6A32A8E00>]}


============================== 09:18:20.198834 | 19dac6b7-3730-4e5f-8af3-48b9d8e079c1 ==============================
[0m09:18:20.198834 [info ] [MainThread]: Running with dbt=1.7.9
[0m09:18:20.199834 [debug] [MainThread]: running dbt with arguments {'printer_width': '80', 'indirect_selection': 'eager', 'log_cache_events': 'False', 'write_json': 'True', 'partial_parse': 'True', 'cache_selected_only': 'False', 'warn_error': 'None', 'version_check': 'True', 'debug': 'False', 'log_path': 'logs', 'fail_fast': 'False', 'profiles_dir': 'C:\\Users\\nemri\\.dbt', 'use_colors': 'True', 'use_experimental_parser': 'False', 'no_print': 'None', 'quiet': 'False', 'log_format': 'default', 'invocation_command': 'dbt init', 'static_parser': 'True', 'introspect': 'True', 'target_path': 'None', 'warn_error_options': 'WarnErrorOptions(include=[], exclude=[])', 'send_anonymous_usage_stats': 'True'}
[0m09:18:30.946535 [debug] [MainThread]: Starter project path: C:\Users\nemri\OneDrive\Bureau\quette ETL 1.2\my-dbt-env\Lib\site-packages\dbt\include\starter_project
[0m09:18:30.963961 [info ] [MainThread]: 
Your new dbt project "DBT_PROJECT" was created!

For more information on how to configure the profiles.yml file,
please consult the dbt documentation here:

  https://docs.getdbt.com/docs/configure-your-profile

One more thing:

Need help? Don't hesitate to reach out to us via GitHub issues or on Slack:

  https://community.getdbt.com/

Happy modeling!

[0m09:18:30.967014 [info ] [MainThread]: Setting up your profile.
[0m09:18:53.161815 [debug] [MainThread]: Command `dbt init` succeeded at 09:18:53.161815 after 33.10 seconds
[0m09:18:53.162816 [debug] [MainThread]: Sending event: {'category': 'dbt', 'action': 'invocation', 'label': 'end', 'context': [<snowplow_tracker.self_describing_json.SelfDescribingJson object at 0x000001F6A317EB40>, <snowplow_tracker.self_describing_json.SelfDescribingJson object at 0x000001F6A30B7560>, <snowplow_tracker.self_describing_json.SelfDescribingJson object at 0x000001F6A30C6DB0>]}
[0m09:18:53.162816 [debug] [MainThread]: Flushing usage events
[0m09:53:54.447036 [debug] [MainThread]: Sending event: {'category': 'dbt', 'action': 'invocation', 'label': 'start', 'context': [<snowplow_tracker.self_describing_json.SelfDescribingJson object at 0x0000014220146DE0>, <snowplow_tracker.self_describing_json.SelfDescribingJson object at 0x0000014220145BB0>, <snowplow_tracker.self_describing_json.SelfDescribingJson object at 0x0000014220146690>]}


============================== 09:53:54.452195 | 3e86c31b-8410-4049-a599-dc43fe5112eb ==============================
[0m09:53:54.452195 [info ] [MainThread]: Running with dbt=1.7.9
[0m09:53:54.453181 [debug] [MainThread]: running dbt with arguments {'printer_width': '80', 'indirect_selection': 'eager', 'write_json': 'True', 'log_cache_events': 'False', 'partial_parse': 'True', 'cache_selected_only': 'False', 'profiles_dir': 'C:\\Users\\nemri\\.dbt', 'fail_fast': 'False', 'debug': 'False', 'log_path': 'logs', 'warn_error': 'None', 'version_check': 'True', 'use_colors': 'True', 'use_experimental_parser': 'False', 'no_print': 'None', 'quiet': 'False', 'log_format': 'default', 'static_parser': 'True', 'invocation_command': 'dbt debug', 'warn_error_options': 'WarnErrorOptions(include=[], exclude=[])', 'target_path': 'None', 'introspect': 'True', 'send_anonymous_usage_stats': 'True'}
[0m09:53:54.454179 [info ] [MainThread]: dbt version: 1.7.9
[0m09:53:54.454460 [info ] [MainThread]: python version: 3.12.7
[0m09:53:54.454460 [info ] [MainThread]: python path: C:\Users\nemri\OneDrive\Bureau\quette ETL 1.2\my-dbt-env\Scripts\python.exe
[0m09:53:54.455499 [info ] [MainThread]: os info: Windows-11-10.0.22631-SP0
[0m09:53:54.571426 [info ] [MainThread]: Using profiles dir at C:\Users\nemri\.dbt
[0m09:53:54.572480 [info ] [MainThread]: Using profiles.yml file at C:\Users\nemri\.dbt\profiles.yml
[0m09:53:54.573716 [info ] [MainThread]: Using dbt_project.yml file at C:\Users\nemri\OneDrive\Bureau\quette ETL 1.2\dbt_project.yml
[0m09:53:54.574721 [info ] [MainThread]: Configuration:
[0m09:53:54.575143 [info ] [MainThread]:   profiles.yml file [[31mERROR invalid[0m]
[0m09:53:54.575456 [info ] [MainThread]:   dbt_project.yml file [[31mERROR not found[0m]
[0m09:53:54.576094 [info ] [MainThread]: Required dependencies:
[0m09:53:54.577137 [debug] [MainThread]: Executing "git --help"
[0m09:53:54.619488 [debug] [MainThread]: STDOUT: "b"usage: git [-v | --version] [-h | --help] [-C <path>] [-c <name>=<value>]\n           [--exec-path[=<path>]] [--html-path] [--man-path] [--info-path]\n           [-p | --paginate | -P | --no-pager] [--no-replace-objects] [--no-lazy-fetch]\n           [--no-optional-locks] [--no-advice] [--bare] [--git-dir=<path>]\n           [--work-tree=<path>] [--namespace=<name>] [--config-env=<name>=<envvar>]\n           <command> [<args>]\n\nThese are common Git commands used in various situations:\n\nstart a working area (see also: git help tutorial)\n   clone      Clone a repository into a new directory\n   init       Create an empty Git repository or reinitialize an existing one\n\nwork on the current change (see also: git help everyday)\n   add        Add file contents to the index\n   mv         Move or rename a file, a directory, or a symlink\n   restore    Restore working tree files\n   rm         Remove files from the working tree and from the index\n\nexamine the history and state (see also: git help revisions)\n   bisect     Use binary search to find the commit that introduced a bug\n   diff       Show changes between commits, commit and working tree, etc\n   grep       Print lines matching a pattern\n   log        Show commit logs\n   show       Show various types of objects\n   status     Show the working tree status\n\ngrow, mark and tweak your common history\n   backfill   Download missing objects in a partial clone\n   branch     List, create, or delete branches\n   commit     Record changes to the repository\n   merge      Join two or more development histories together\n   rebase     Reapply commits on top of another base tip\n   reset      Reset current HEAD to the specified state\n   switch     Switch branches\n   tag        Create, list, delete or verify a tag object signed with GPG\n\ncollaborate (see also: git help workflows)\n   fetch      Download objects and refs from another repository\n   pull       Fetch from and integrate with another repository or a local branch\n   push       Update remote refs along with associated objects\n\n'git help -a' and 'git help -g' list available subcommands and some\nconcept guides. See 'git help <command>' or 'git help <concept>'\nto read about a specific subcommand or concept.\nSee 'git help git' for an overview of the system.\n""
[0m09:53:54.620489 [debug] [MainThread]: STDERR: "b''"
[0m09:53:54.620489 [info ] [MainThread]:  - git [[32mOK found[0m]

[0m09:53:54.621487 [info ] [MainThread]: Connection test skipped since no profile was found
[0m09:53:54.622488 [info ] [MainThread]: [31m2 checks failed:[0m
[0m09:53:54.622488 [info ] [MainThread]: Could not load dbt_project.yml
Profile loading failed for the following reason:
Runtime Error
  Credentials in profile "DBT_PROJECT", target "dev" invalid: ['schema'] is not valid under any of the given schemas


[0m09:53:54.623487 [info ] [MainThread]: Project loading failed for the following reason:
 project path <C:\Users\nemri\OneDrive\Bureau\quette ETL 1.2\dbt_project.yml> not found

[0m09:53:54.624487 [debug] [MainThread]: Command `dbt debug` failed at 09:53:54.624487 after 0.33 seconds
[0m09:53:54.624777 [debug] [MainThread]: Sending event: {'category': 'dbt', 'action': 'invocation', 'label': 'end', 'context': [<snowplow_tracker.self_describing_json.SelfDescribingJson object at 0x000001421F6F18E0>, <snowplow_tracker.self_describing_json.SelfDescribingJson object at 0x0000014220955100>, <snowplow_tracker.self_describing_json.SelfDescribingJson object at 0x0000014220916630>]}
[0m09:53:54.624777 [debug] [MainThread]: Flushing usage events
[0m09:53:57.722639 [debug] [MainThread]: Sending event: {'category': 'dbt', 'action': 'invocation', 'label': 'start', 'context': [<snowplow_tracker.self_describing_json.SelfDescribingJson object at 0x00000239AEC074A0>, <snowplow_tracker.self_describing_json.SelfDescribingJson object at 0x00000239AE8417C0>, <snowplow_tracker.self_describing_json.SelfDescribingJson object at 0x00000239AEC04110>]}


============================== 09:53:57.726877 | 906b9938-3ed4-4e03-b8b7-9e8ec6a77145 ==============================
[0m09:53:57.726877 [info ] [MainThread]: Running with dbt=1.7.9
[0m09:53:57.728842 [debug] [MainThread]: running dbt with arguments {'printer_width': '80', 'indirect_selection': 'eager', 'log_cache_events': 'False', 'write_json': 'True', 'partial_parse': 'True', 'cache_selected_only': 'False', 'warn_error': 'None', 'version_check': 'True', 'fail_fast': 'False', 'log_path': 'logs', 'profiles_dir': 'C:\\Users\\nemri\\.dbt', 'debug': 'False', 'use_colors': 'True', 'use_experimental_parser': 'False', 'no_print': 'None', 'quiet': 'False', 'warn_error_options': 'WarnErrorOptions(include=[], exclude=[])', 'static_parser': 'True', 'log_format': 'default', 'invocation_command': 'dbt debug', 'target_path': 'None', 'introspect': 'True', 'send_anonymous_usage_stats': 'True'}
[0m09:53:57.728842 [info ] [MainThread]: dbt version: 1.7.9
[0m09:53:57.729842 [info ] [MainThread]: python version: 3.12.7
[0m09:53:57.730842 [info ] [MainThread]: python path: C:\Users\nemri\OneDrive\Bureau\quette ETL 1.2\my-dbt-env\Scripts\python.exe
[0m09:53:57.730842 [info ] [MainThread]: os info: Windows-11-10.0.22631-SP0
[0m09:53:57.802657 [info ] [MainThread]: Using profiles dir at C:\Users\nemri\.dbt
[0m09:53:57.803658 [info ] [MainThread]: Using profiles.yml file at C:\Users\nemri\.dbt\profiles.yml
[0m09:53:57.804659 [info ] [MainThread]: Using dbt_project.yml file at C:\Users\nemri\OneDrive\Bureau\quette ETL 1.2\dbt_project.yml
[0m09:53:57.805754 [info ] [MainThread]: Configuration:
[0m09:53:57.806658 [info ] [MainThread]:   profiles.yml file [[31mERROR invalid[0m]
[0m09:53:57.806658 [info ] [MainThread]:   dbt_project.yml file [[31mERROR not found[0m]
[0m09:53:57.807657 [info ] [MainThread]: Required dependencies:
[0m09:53:57.808658 [debug] [MainThread]: Executing "git --help"
[0m09:53:57.838797 [debug] [MainThread]: STDOUT: "b"usage: git [-v | --version] [-h | --help] [-C <path>] [-c <name>=<value>]\n           [--exec-path[=<path>]] [--html-path] [--man-path] [--info-path]\n           [-p | --paginate | -P | --no-pager] [--no-replace-objects] [--no-lazy-fetch]\n           [--no-optional-locks] [--no-advice] [--bare] [--git-dir=<path>]\n           [--work-tree=<path>] [--namespace=<name>] [--config-env=<name>=<envvar>]\n           <command> [<args>]\n\nThese are common Git commands used in various situations:\n\nstart a working area (see also: git help tutorial)\n   clone      Clone a repository into a new directory\n   init       Create an empty Git repository or reinitialize an existing one\n\nwork on the current change (see also: git help everyday)\n   add        Add file contents to the index\n   mv         Move or rename a file, a directory, or a symlink\n   restore    Restore working tree files\n   rm         Remove files from the working tree and from the index\n\nexamine the history and state (see also: git help revisions)\n   bisect     Use binary search to find the commit that introduced a bug\n   diff       Show changes between commits, commit and working tree, etc\n   grep       Print lines matching a pattern\n   log        Show commit logs\n   show       Show various types of objects\n   status     Show the working tree status\n\ngrow, mark and tweak your common history\n   backfill   Download missing objects in a partial clone\n   branch     List, create, or delete branches\n   commit     Record changes to the repository\n   merge      Join two or more development histories together\n   rebase     Reapply commits on top of another base tip\n   reset      Reset current HEAD to the specified state\n   switch     Switch branches\n   tag        Create, list, delete or verify a tag object signed with GPG\n\ncollaborate (see also: git help workflows)\n   fetch      Download objects and refs from another repository\n   pull       Fetch from and integrate with another repository or a local branch\n   push       Update remote refs along with associated objects\n\n'git help -a' and 'git help -g' list available subcommands and some\nconcept guides. See 'git help <command>' or 'git help <concept>'\nto read about a specific subcommand or concept.\nSee 'git help git' for an overview of the system.\n""
[0m09:53:57.839803 [debug] [MainThread]: STDERR: "b''"
[0m09:53:57.839803 [info ] [MainThread]:  - git [[32mOK found[0m]

[0m09:53:57.840804 [info ] [MainThread]: Connection test skipped since no profile was found
[0m09:53:57.841807 [info ] [MainThread]: [31m2 checks failed:[0m
[0m09:53:57.842804 [info ] [MainThread]: Could not load dbt_project.yml
Profile loading failed for the following reason:
Runtime Error
  Credentials in profile "DBT_PROJECT", target "dev" invalid: ['schema'] is not valid under any of the given schemas


[0m09:53:57.842804 [info ] [MainThread]: Project loading failed for the following reason:
 project path <C:\Users\nemri\OneDrive\Bureau\quette ETL 1.2\dbt_project.yml> not found

[0m09:53:57.843806 [debug] [MainThread]: Command `dbt debug` failed at 09:53:57.843806 after 0.24 seconds
[0m09:53:57.844805 [debug] [MainThread]: Sending event: {'category': 'dbt', 'action': 'invocation', 'label': 'end', 'context': [<snowplow_tracker.self_describing_json.SelfDescribingJson object at 0x00000239AE8417C0>, <snowplow_tracker.self_describing_json.SelfDescribingJson object at 0x00000239AEB05760>, <snowplow_tracker.self_describing_json.SelfDescribingJson object at 0x00000239AE523110>]}
[0m09:53:57.844805 [debug] [MainThread]: Flushing usage events
